<?xml version="1.0" encoding="UTF-8"?>
<Site BuildName="(empty)"
	BuildStamp="20240806-0324-Experimental"
	Name="nghiaho-hp-ubuntu"
	Generator="ctest-3.16.3"
	CompilerName="/usr/bin/c++"
	CompilerVersion="9.4.0"
	OSName="Linux"
	Hostname="nghiaho-hp-ubuntu"
	OSRelease="5.14.0-1055-oem"
	OSVersion="#62-Ubuntu SMP Wed Nov 30 04:54:03 UTC 2022"
	OSPlatform="x86_64"
	Is64Bits="1"
	VendorString="GenuineIntel"
	VendorID="Intel Corporation"
	FamilyID="6"
	ModelID="165"
	ProcessorCacheSize="12288"
	NumberOfLogicalCPU="12"
	NumberOfPhysicalCPU="6"
	TotalVirtualMemory="2047"
	TotalPhysicalMemory="15789"
	LogicalProcessorsPerPhysical="2"
	ProcessorClockFrequency="2600"
	>
	<Testing>
		<StartDateTime>Aug 06 11:24 +08</StartDateTime>
		<StartTestTime>1722914654</StartTestTime>
		<TestList/>
		<EndDateTime>Aug 06 11:24 +08</EndDateTime>
		<EndTestTime>1722914654</EndTestTime>
		<ElapsedMinutes>0</ElapsedMinutes>
	</Testing>
</Site>
